<?xml version="1.0" encoding="UTF-8"?>
<!-- Generated by org.testng.reporters.JUnitXMLReporter -->
<testsuite hostname="DESKTOP-OFC8VFN" ignored="0" name="Default test" tests="9" failures="1" timestamp="20 Apr 2020 08:42:18 GMT" time="1.643" errors="0">
  <testcase name="@BeforeMethod setUp" time="0.0" classname="com.qa.flipkart.tests.MyProfilePageTest">
    <failure type="org.testng.TestNGException" message="
Parameter &amp;apos;Browser1&amp;apos; is required by BeforeMethod on method setUp but has not been marked @Optional or defined
in C:\Users\Mudit\AppData\Local\Temp\testng-eclipse-2095074118\testng-customsuite.xml">
      <![CDATA[org.testng.TestNGException: 
Parameter 'Browser1' is required by BeforeMethod on method setUp but has not been marked @Optional or defined
in C:\Users\Mudit\AppData\Local\Temp\testng-eclipse-2095074118\testng-customsuite.xml
at org.testng.internal.Parameters.createParams(Parameters.java:290)
at org.testng.internal.Parameters.createParametersForMethod(Parameters.java:359)
at org.testng.internal.Parameters.createParameters(Parameters.java:620)
at org.testng.internal.Parameters.createConfigurationParameters(Parameters.java:190)
at org.testng.internal.Invoker.invokeConfigurations(Invoker.java:209)
at org.testng.internal.Invoker.invokeMethod(Invoker.java:523)
at org.testng.internal.Invoker.invokeTestMethod(Invoker.java:719)
at org.testng.internal.Invoker.invokeTestMethods(Invoker.java:989)
at org.testng.internal.TestMethodWorker.invokeTestMethods(TestMethodWorker.java:125)
at org.testng.internal.TestMethodWorker.run(TestMethodWorker.java:109)
at org.testng.TestRunner.privateRun(TestRunner.java:648)
at org.testng.TestRunner.run(TestRunner.java:505)
at org.testng.SuiteRunner.runTest(SuiteRunner.java:455)
at org.testng.SuiteRunner.runSequentially(SuiteRunner.java:450)
at org.testng.SuiteRunner.privateRun(SuiteRunner.java:415)
at org.testng.SuiteRunner.run(SuiteRunner.java:364)
at org.testng.SuiteRunnerWorker.runSuite(SuiteRunnerWorker.java:52)
at org.testng.SuiteRunnerWorker.run(SuiteRunnerWorker.java:84)
at org.testng.TestNG.runSuitesSequentially(TestNG.java:1208)
at org.testng.TestNG.runSuitesLocally(TestNG.java:1137)
at org.testng.TestNG.runSuites(TestNG.java:1049)
at org.testng.TestNG.run(TestNG.java:1017)
at org.testng.remote.AbstractRemoteTestNG.run(AbstractRemoteTestNG.java:115)
at org.testng.remote.RemoteTestNG.initAndRun(RemoteTestNG.java:251)
at org.testng.remote.RemoteTestNG.main(RemoteTestNG.java:77)
]]>
    </failure>
  </testcase> <!-- @BeforeMethod setUp -->
  <testcase name="@AfterMethod tearDown" time="0.0" classname="com.qa.flipkart.tests.MyProfilePageTest">
    <skipped/>
  </testcase> <!-- @AfterMethod tearDown -->
  <testcase name="@BeforeMethod setUp" time="0.0" classname="com.qa.flipkart.tests.MyProfilePageTest">
    <skipped/>
  </testcase> <!-- @BeforeMethod setUp -->
  <testcase name="@AfterMethod tearDown" time="0.0" classname="com.qa.flipkart.tests.MyProfilePageTest">
    <skipped/>
  </testcase> <!-- @AfterMethod tearDown -->
  <testcase name="@BeforeMethod setUp" time="0.0" classname="com.qa.flipkart.tests.MyProfilePageTest">
    <skipped/>
  </testcase> <!-- @BeforeMethod setUp -->
  <testcase name="@AfterMethod tearDown" time="0.0" classname="com.qa.flipkart.tests.MyProfilePageTest">
    <skipped/>
  </testcase> <!-- @AfterMethod tearDown -->
  <testcase name="@BeforeMethod setUp" time="0.0" classname="com.qa.flipkart.tests.MyProfilePageTest">
    <skipped/>
  </testcase> <!-- @BeforeMethod setUp -->
  <testcase name="@AfterMethod tearDown" time="0.0" classname="com.qa.flipkart.tests.MyProfilePageTest">
    <skipped/>
  </testcase> <!-- @AfterMethod tearDown -->
  <testcase name="@BeforeMethod setUp" time="0.0" classname="com.qa.flipkart.tests.MyProfilePageTest">
    <skipped/>
  </testcase> <!-- @BeforeMethod setUp -->
  <testcase name="@AfterMethod tearDown" time="0.0" classname="com.qa.flipkart.tests.MyProfilePageTest">
    <skipped/>
  </testcase> <!-- @AfterMethod tearDown -->
  <testcase name="@BeforeMethod setUp" time="0.0" classname="com.qa.flipkart.tests.MyProfilePageTest">
    <skipped/>
  </testcase> <!-- @BeforeMethod setUp -->
  <testcase name="@AfterMethod tearDown" time="0.0" classname="com.qa.flipkart.tests.MyProfilePageTest">
    <skipped/>
  </testcase> <!-- @AfterMethod tearDown -->
  <testcase name="@BeforeMethod setUp" time="0.0" classname="com.qa.flipkart.tests.MyProfilePageTest">
    <skipped/>
  </testcase> <!-- @BeforeMethod setUp -->
  <testcase name="@AfterMethod tearDown" time="0.0" classname="com.qa.flipkart.tests.MyProfilePageTest">
    <skipped/>
  </testcase> <!-- @AfterMethod tearDown -->
  <testcase name="@BeforeMethod setUp" time="0.0" classname="com.qa.flipkart.tests.MyProfilePageTest">
    <skipped/>
  </testcase> <!-- @BeforeMethod setUp -->
  <testcase name="@AfterMethod tearDown" time="0.0" classname="com.qa.flipkart.tests.MyProfilePageTest">
    <skipped/>
  </testcase> <!-- @AfterMethod tearDown -->
  <testcase name="addAddressTest" time="0.0" classname="com.qa.flipkart.tests.MyProfilePageTest">
    <failure type="org.testng.TestNGException" message="
Data Provider public static java.lang.Object[][] com.qa.flipkart.tests.MyProfilePageTest.getTestData() returned a null value">
      <![CDATA[org.testng.TestNGException: 
Data Provider public static java.lang.Object[][] com.qa.flipkart.tests.MyProfilePageTest.getTestData() returned a null value
at org.testng.internal.MethodInvocationHelper.invokeDataProvider(MethodInvocationHelper.java:133)
at org.testng.internal.Parameters.handleParameters(Parameters.java:706)
at org.testng.internal.ParameterHandler.handleParameters(ParameterHandler.java:49)
at org.testng.internal.ParameterHandler.createParameters(ParameterHandler.java:37)
at org.testng.internal.Invoker.invokeTestMethods(Invoker.java:924)
at org.testng.internal.TestMethodWorker.invokeTestMethods(TestMethodWorker.java:125)
at org.testng.internal.TestMethodWorker.run(TestMethodWorker.java:109)
at org.testng.TestRunner.privateRun(TestRunner.java:648)
at org.testng.TestRunner.run(TestRunner.java:505)
at org.testng.SuiteRunner.runTest(SuiteRunner.java:455)
at org.testng.SuiteRunner.runSequentially(SuiteRunner.java:450)
at org.testng.SuiteRunner.privateRun(SuiteRunner.java:415)
at org.testng.SuiteRunner.run(SuiteRunner.java:364)
at org.testng.SuiteRunnerWorker.runSuite(SuiteRunnerWorker.java:52)
at org.testng.SuiteRunnerWorker.run(SuiteRunnerWorker.java:84)
at org.testng.TestNG.runSuitesSequentially(TestNG.java:1208)
at org.testng.TestNG.runSuitesLocally(TestNG.java:1137)
at org.testng.TestNG.runSuites(TestNG.java:1049)
at org.testng.TestNG.run(TestNG.java:1017)
at org.testng.remote.AbstractRemoteTestNG.run(AbstractRemoteTestNG.java:115)
at org.testng.remote.RemoteTestNG.initAndRun(RemoteTestNG.java:251)
at org.testng.remote.RemoteTestNG.main(RemoteTestNG.java:77)
]]>
    </failure>
  </testcase> <!-- addAddressTest -->
  <testcase name="clickOnManageAddressesLinkTest" time="0.0" classname="com.qa.flipkart.tests.MyProfilePageTest">
    <skipped/>
  </testcase> <!-- clickOnManageAddressesLinkTest -->
  <testcase name="enterFirstNameTest" time="0.0" classname="com.qa.flipkart.tests.MyProfilePageTest">
    <skipped/>
  </testcase> <!-- enterFirstNameTest -->
  <testcase name="enterLastNameTest" time="0.0" classname="com.qa.flipkart.tests.MyProfilePageTest">
    <skipped/>
  </testcase> <!-- enterLastNameTest -->
  <testcase name="selectRadioBtnTest_Female" time="0.0" classname="com.qa.flipkart.tests.MyProfilePageTest">
    <skipped/>
  </testcase> <!-- selectRadioBtnTest_Female -->
  <testcase name="selectRadioBtnTest_Male" time="0.0" classname="com.qa.flipkart.tests.MyProfilePageTest">
    <skipped/>
  </testcase> <!-- selectRadioBtnTest_Male -->
  <testcase name="verifyClickOnEditEmailAddLnk" time="0.0" classname="com.qa.flipkart.tests.MyProfilePageTest">
    <skipped/>
  </testcase> <!-- verifyClickOnEditEmailAddLnk -->
  <testcase name="verifyMyProfilePageTitleTest" time="0.0" classname="com.qa.flipkart.tests.MyProfilePageTest">
    <skipped/>
  </testcase> <!-- verifyMyProfilePageTitleTest -->
  <testcase name="verifyPersonalInfoclickOnEdit" time="0.0" classname="com.qa.flipkart.tests.MyProfilePageTest">
    <skipped/>
  </testcase> <!-- verifyPersonalInfoclickOnEdit -->
</testsuite> <!-- Default test -->
