<?xml version="1.0" encoding="UTF-8"?>
<!-- Generated by org.testng.reporters.JUnitXMLReporter -->
<testsuite hostname="DESKTOP-OFC8VFN" ignored="0" name="Regression Tests" tests="7" failures="1" timestamp="24 Apr 2020 10:41:30 GMT" time="67.454" errors="0">
  <testcase name="LoginValidUsernameBlankPassTest" time="1.342" classname="com.qa.flipkart.tests_regression.LoginPageTest"/>
  <testcase name="loginForgotPassChangeEmailTest" time="1.522" classname="com.qa.flipkart.tests_regression.LoginPageTest"/>
  <testcase name="loginForgotPassResendOTPTest" time="1.709" classname="com.qa.flipkart.tests_regression.LoginPageTest"/>
  <testcase name="loginInValidPassTest" time="0.773" classname="com.qa.flipkart.tests_regression.LoginPageTest"/>
  <testcase name="loginInValidUsernameTest" time="0.768" classname="com.qa.flipkart.tests_regression.LoginPageTest"/>
  <testcase name="loginValid" time="0.0" classname="com.qa.flipkart.tests_regression.LoginPageTest">
    <failure type="org.testng.TestNGException" message="
Cannot inject @Test annotated Method [loginValid] with [class java.lang.String, class java.lang.String].
For more information on native dependency injection please refer to http://testng.org/doc/documentation-main.html#native-dependency-injection">
      <![CDATA[org.testng.TestNGException: 
Cannot inject @Test annotated Method [loginValid] with [class java.lang.String, class java.lang.String].
For more information on native dependency injection please refer to http://testng.org/doc/documentation-main.html#native-dependency-injection
... Removed 24 stack frames]]>
    </failure>
  </testcase> <!-- loginValid -->
  <testcase name="loginValidUsernameAndInvalidPassTest" time="1.555" classname="com.qa.flipkart.tests_regression.LoginPageTest"/>
</testsuite> <!-- Regression Tests -->
