<?xml version="1.0" encoding="UTF-8"?>
<!-- Generated by org.testng.reporters.JUnitXMLReporter -->
<testsuite hostname="DESKTOP-OFC8VFN" ignored="0" name="Smoke Tests" tests="23" failures="1" timestamp="24 Apr 2020 10:27:37 GMT" time="362.659" errors="0">
  <testcase name="login" time="1.279" classname="com.qa.flipkart.tests_smoke.LoginPageTest"/>
  <testcase name="clickOnSearchBar" time="8.738" classname="com.qa.flipkart.tests_smoke.HomePageTest"/>
  <testcase name="doLogout" time="5.666" classname="com.qa.flipkart.tests_smoke.HomePageTest"/>
  <testcase name="getMenuBarList" time="3.375" classname="com.qa.flipkart.tests_smoke.HomePageTest">
    <skipped/>
  </testcase> <!-- getMenuBarList -->
  <testcase name="getMenuBarList" time="3.745" classname="com.qa.flipkart.tests_smoke.HomePageTest"/>
  <testcase name="selectItem" time="8.325" classname="com.qa.flipkart.tests_smoke.HomePageTest">
    <skipped/>
  </testcase> <!-- selectItem -->
  <testcase name="selectItem" time="2.685" classname="com.qa.flipkart.tests_smoke.HomePageTest"/>
  <testcase name="verifyAppUrl" time="0.033" classname="com.qa.flipkart.tests_smoke.HomePageTest"/>
  <testcase name="verifyHomePageTitle" time="0.022" classname="com.qa.flipkart.tests_smoke.HomePageTest"/>
  <testcase name="verifySubMenuBarListTest" time="10.628" classname="com.qa.flipkart.tests_smoke.HomePageTest"/>
  <testcase name="verifyTitle" time="3.97" classname="com.qa.flipkart.tests_smoke.GroceryPageTest"/>
  <testcase name="verifyOffersPageTitle" time="3.117" classname="com.qa.flipkart.tests_smoke.OffersPageTest">
    <skipped/>
  </testcase> <!-- verifyOffersPageTitle -->
  <testcase name="verifyOffersPageTitle" time="3.143" classname="com.qa.flipkart.tests_smoke.OffersPageTest">
    <skipped/>
  </testcase> <!-- verifyOffersPageTitle -->
  <testcase name="verifyOffersPageTitle" time="3.552" classname="com.qa.flipkart.tests_smoke.OffersPageTest">
    <skipped/>
  </testcase> <!-- verifyOffersPageTitle -->
  <testcase name="verifyOffersPageTitle" time="3.479" classname="com.qa.flipkart.tests_smoke.OffersPageTest">
    <failure type="org.openqa.selenium.StaleElementReferenceException" message="stale element reference: element is not attached to the page document
  (Session info: chrome=81.0.4044.122)
For documentation on this error, please visit: https://www.seleniumhq.org/exceptions/stale_element_reference.html
Build info: version: &amp;apos;4.0.0-alpha-3&amp;apos;, revision: &amp;apos;8c567de6dc&amp;apos;
System info: host: &amp;apos;DESKTOP-OFC8VFN&amp;apos;, ip: &amp;apos;192.168.1.7&amp;apos;, os.name: &amp;apos;Windows 10&amp;apos;, os.arch: &amp;apos;amd64&amp;apos;, os.version: &amp;apos;10.0&amp;apos;, java.version: &amp;apos;1.8.0_201&amp;apos;
Driver info: org.openqa.selenium.chrome.ChromeDriver
Capabilities {acceptInsecureCerts: false, browserName: chrome, browserVersion: 81.0.4044.122, chrome: {chromedriverVersion: 81.0.4044.69 (6813546031a4b..., userDataDir: C:\Users\Mudit\AppData\Loca...}, goog:chromeOptions: {debuggerAddress: localhost:2528}, javascriptEnabled: true, networkConnectionEnabled: false, pageLoadStrategy: normal, platform: WINDOWS, platformName: WINDOWS, proxy: Proxy(), setWindowRect: true, strictFileInteractability: false, timeouts: {implicit: 0, pageLoad: 300000, script: 30000}, unhandledPromptBehavior: dismiss and notify, webauthn:virtualAuthenticators: true}
Session ID: 075dcdc46e1667b11d2b95b485d82f63">
      <![CDATA[org.openqa.selenium.StaleElementReferenceException: stale element reference: element is not attached to the page document
  (Session info: chrome=81.0.4044.122)
For documentation on this error, please visit: https://www.seleniumhq.org/exceptions/stale_element_reference.html
Build info: version: '4.0.0-alpha-3', revision: '8c567de6dc'
System info: host: 'DESKTOP-OFC8VFN', ip: '192.168.1.7', os.name: 'Windows 10', os.arch: 'amd64', os.version: '10.0', java.version: '1.8.0_201'
Driver info: org.openqa.selenium.chrome.ChromeDriver
Capabilities {acceptInsecureCerts: false, browserName: chrome, browserVersion: 81.0.4044.122, chrome: {chromedriverVersion: 81.0.4044.69 (6813546031a4b..., userDataDir: C:\Users\Mudit\AppData\Loca...}, goog:chromeOptions: {debuggerAddress: localhost:2528}, javascriptEnabled: true, networkConnectionEnabled: false, pageLoadStrategy: normal, platform: WINDOWS, platformName: WINDOWS, proxy: Proxy(), setWindowRect: true, strictFileInteractability: false, timeouts: {implicit: 0, pageLoad: 300000, script: 30000}, unhandledPromptBehavior: dismiss and notify, webauthn:virtualAuthenticators: true}
Session ID: 075dcdc46e1667b11d2b95b485d82f63
at org.openqa.selenium.remote.codec.w3c.W3CHttpResponseCodec.createException(W3CHttpResponseCodec.java:191)
at org.openqa.selenium.remote.codec.w3c.W3CHttpResponseCodec.decode(W3CHttpResponseCodec.java:125)
at org.openqa.selenium.remote.codec.w3c.W3CHttpResponseCodec.decode(W3CHttpResponseCodec.java:52)
at org.openqa.selenium.remote.HttpCommandExecutor.execute(HttpCommandExecutor.java:161)
at org.openqa.selenium.remote.service.DriverCommandExecutor.execute(DriverCommandExecutor.java:83)
at org.openqa.selenium.remote.RemoteWebDriver.execute(RemoteWebDriver.java:576)
at org.openqa.selenium.remote.RemoteWebElement.execute(RemoteWebElement.java:308)
at org.openqa.selenium.remote.RemoteWebElement.click(RemoteWebElement.java:83)
at org.openqa.selenium.support.events.EventFiringWebDriver$EventFiringWebElement.lambda$new$0(EventFiringWebDriver.java:405)
at com.sun.proxy.$Proxy12.click(Unknown Source)
at org.openqa.selenium.support.events.EventFiringWebDriver$EventFiringWebElement.click(EventFiringWebDriver.java:418)
at org.openqa.selenium.support.pagefactory.internal.LocatingElementHandler.invoke(LocatingElementHandler.java:52)
at com.sun.proxy.$Proxy11.click(Unknown Source)
at com.qa.flipkart.pages.HomePage.verifyOfferZoneSubMenu(HomePage.java:136)
at com.qa.flipkart.tests_smoke.OffersPageTest.verifyOffersPageTitle(OffersPageTest.java:37)
... Removed 38 stack frames]]>
    </failure>
  </testcase> <!-- verifyOffersPageTitle -->
  <testcase name="addAddressTest" time="4.787" classname="com.qa.flipkart.tests_smoke.MyProfilePageTest"/>
  <testcase name="clickOnManageAddressesLinkTest" time="0.96" classname="com.qa.flipkart.tests_smoke.MyProfilePageTest"/>
  <testcase name="enterFirstNameTest" time="2.335" classname="com.qa.flipkart.tests_smoke.MyProfilePageTest"/>
  <testcase name="enterLastNameTest" time="2.305" classname="com.qa.flipkart.tests_smoke.MyProfilePageTest"/>
  <testcase name="verifyClickOnEditEmailAddLnk" time="2.67" classname="com.qa.flipkart.tests_smoke.MyProfilePageTest"/>
  <testcase name="verifyMyProfilePageTitleTest" time="6.227" classname="com.qa.flipkart.tests_smoke.MyProfilePageTest">
    <skipped/>
  </testcase> <!-- verifyMyProfilePageTitleTest -->
  <testcase name="verifyMyProfilePageTitleTest" time="1.488" classname="com.qa.flipkart.tests_smoke.MyProfilePageTest"/>
  <testcase name="verifyPersonalInfoclickOnEdit" time="1.71" classname="com.qa.flipkart.tests_smoke.MyProfilePageTest"/>
</testsuite> <!-- Smoke Tests -->
