<?xml version="1.0" encoding="UTF-8"?>
<testsuite name="TestSuite" time="52.666" tests="33" errors="0" skipped="9" failures="3">
  <properties>
    <property name="java.runtime.name" value="Java(TM) SE Runtime Environment"/>
    <property name="sun.boot.library.path" value="C:\Program Files\Java\jdk1.8.0_201\jre\bin"/>
    <property name="java.vm.version" value="25.201-b09"/>
    <property name="java.vm.vendor" value="Oracle Corporation"/>
    <property name="maven.multiModuleProjectDirectory" value="C:\Users\Mudit\eclipse-workspace\POMAutomationPractice"/>
    <property name="java.vendor.url" value="http://java.oracle.com/"/>
    <property name="path.separator" value=";"/>
    <property name="guice.disable.misplaced.annotation.check" value="true"/>
    <property name="java.vm.name" value="Java HotSpot(TM) 64-Bit Server VM"/>
    <property name="file.encoding.pkg" value="sun.io"/>
    <property name="user.script" value=""/>
    <property name="user.country" value="IN"/>
    <property name="sun.java.launcher" value="SUN_STANDARD"/>
    <property name="sun.os.patch.level" value=""/>
    <property name="java.vm.specification.name" value="Java Virtual Machine Specification"/>
    <property name="user.dir" value="C:\Users\Mudit\eclipse-workspace\POMAutomationPractice"/>
    <property name="java.runtime.version" value="1.8.0_201-b09"/>
    <property name="java.awt.graphicsenv" value="sun.awt.Win32GraphicsEnvironment"/>
    <property name="java.endorsed.dirs" value="C:\Program Files\Java\jdk1.8.0_201\jre\lib\endorsed"/>
    <property name="os.arch" value="amd64"/>
    <property name="java.io.tmpdir" value="C:\Users\Mudit\AppData\Local\Temp\"/>
    <property name="line.separator" value="&#10;"/>
    <property name="java.vm.specification.vendor" value="Oracle Corporation"/>
    <property name="user.variant" value=""/>
    <property name="os.name" value="Windows 10"/>
    <property name="classworlds.conf" value="C:\Program Files\apache-maven-3.6.2\bin\..\bin\m2.conf"/>
    <property name="sun.jnu.encoding" value="Cp1252"/>
    <property name="java.library.path" value="C:\Program Files\Java\jdk1.8.0_201\bin;C:\Windows\Sun\Java\bin;C:\Windows\system32;C:\Windows;C:\Program Files (x86)\Common Files\Oracle\Java\javapath;C:\Windows\system32;C:\Windows;C:\Windows\System32\Wbem;C:\Windows\System32\WindowsPowerShell\v1.0\;C:\Windows\System32\OpenSSH\;C:\Program Files\Microsoft SQL Server\Client SDK\ODBC\110\Tools\Binn\;C:\Program Files (x86)\Microsoft SQL Server\120\Tools\Binn\;C:\Program Files\Microsoft SQL Server\120\Tools\Binn\;C:\Program Files\Microsoft SQL Server\120\DTS\Binn\;C:\Windows\system32\config\systemprofile\.dnx\bin;C:\Program Files\Microsoft DNX\Dnvm\;C:\Program Files (x86)\Microsoft SQL Server\120\Tools\Binn\ManagementStudio\;C:\Program Files (x86)\Microsoft SQL Server\120\DTS\Binn\;C:\Program Files\Java\jdk1.8.0_201\bin;C:\Program Files\Java\jre1.8.0_201\bin;C:\Program Files\apache-maven-3.6.2\bin;C:\Program Files\Git\cmd;C:\Program Files\PuTTY\;C:\Program Files\nodejs\;C:\Program Files\Docker\Docker\resources\bin;C:\ProgramData\DockerDesktop\version-bin;C:\Users\Mudit\.dnx\bin;C:\Users\Mudit\AppData\Local\Microsoft\WindowsApps;C:\Users\Mudit\AppData\Local\Programs\Microsoft VS Code\bin;C:\Users\Mudit\AppData\Roaming\npm;."/>
    <property name="maven.conf" value="C:\Program Files\apache-maven-3.6.2\bin\../conf"/>
    <property name="java.specification.name" value="Java Platform API Specification"/>
    <property name="java.class.version" value="52.0"/>
    <property name="sun.management.compiler" value="HotSpot 64-Bit Tiered Compilers"/>
    <property name="os.version" value="10.0"/>
    <property name="library.jansi.path" value="C:\Program Files\apache-maven-3.6.2\bin\..\lib\jansi-native"/>
    <property name="user.home" value="C:\Users\Mudit"/>
    <property name="user.timezone" value="Asia/Calcutta"/>
    <property name="java.awt.printerjob" value="sun.awt.windows.WPrinterJob"/>
    <property name="java.specification.version" value="1.8"/>
    <property name="file.encoding" value="Cp1252"/>
    <property name="user.name" value="Mudit"/>
    <property name="java.class.path" value="C:\Program Files\apache-maven-3.6.2\bin\..\boot\plexus-classworlds-2.6.0.jar"/>
    <property name="java.vm.specification.version" value="1.8"/>
    <property name="sun.arch.data.model" value="64"/>
    <property name="java.home" value="C:\Program Files\Java\jdk1.8.0_201\jre"/>
    <property name="sun.java.command" value="org.codehaus.plexus.classworlds.launcher.Launcher clean install"/>
    <property name="java.specification.vendor" value="Oracle Corporation"/>
    <property name="user.language" value="en"/>
    <property name="awt.toolkit" value="sun.awt.windows.WToolkit"/>
    <property name="java.vm.info" value="mixed mode"/>
    <property name="java.version" value="1.8.0_201"/>
    <property name="java.ext.dirs" value="C:\Program Files\Java\jdk1.8.0_201\jre\lib\ext;C:\Windows\Sun\Java\lib\ext"/>
    <property name="sun.boot.class.path" value="C:\Program Files\Java\jdk1.8.0_201\jre\lib\resources.jar;C:\Program Files\Java\jdk1.8.0_201\jre\lib\rt.jar;C:\Program Files\Java\jdk1.8.0_201\jre\lib\sunrsasign.jar;C:\Program Files\Java\jdk1.8.0_201\jre\lib\jsse.jar;C:\Program Files\Java\jdk1.8.0_201\jre\lib\jce.jar;C:\Program Files\Java\jdk1.8.0_201\jre\lib\charsets.jar;C:\Program Files\Java\jdk1.8.0_201\jre\lib\jfr.jar;C:\Program Files\Java\jdk1.8.0_201\jre\classes"/>
    <property name="sun.stderr.encoding" value="cp437"/>
    <property name="java.vendor" value="Oracle Corporation"/>
    <property name="maven.home" value="C:\Program Files\apache-maven-3.6.2\bin\.."/>
    <property name="file.separator" value="\"/>
    <property name="java.vendor.url.bug" value="http://bugreport.sun.com/bugreport/"/>
    <property name="sun.cpu.endian" value="little"/>
    <property name="sun.io.unicode.encoding" value="UnicodeLittle"/>
    <property name="sun.stdout.encoding" value="cp437"/>
    <property name="sun.desktop" value="windows"/>
    <property name="sun.cpu.isalist" value="amd64"/>
  </properties>
  <testcase name="login" classname="com.qa.flipkart.tests_smoke.LoginPageTest" time="1.283"/>
  <testcase name="clickOnSearchBar" classname="com.qa.flipkart.tests_smoke.HomePageTest" time="8.745"/>
  <testcase name="doLogout" classname="com.qa.flipkart.tests_smoke.HomePageTest" time="5.668"/>
  <testcase name="getMenuBarList" classname="com.qa.flipkart.tests_smoke.HomePageTest" time="0">
    <skipped/>
    <system-out><![CDATA[close the browser
Before navigating to: 'https://www.flipkart.com/'
Navigated to:'https://www.flipkart.com/'
Trying to find Element By : By.xpath: //div[@class='_3Njdz7']//following::div/input[@type='text']
Found Element By : By.xpath: //div[@class='_3Njdz7']//following::div/input[@type='text']
Trying to find Element By : By.xpath: //div[@class='_3Njdz7']//following::div/input[@type='password']
Found Element By : By.xpath: //div[@class='_3Njdz7']//following::div/input[@type='password']
Trying to find Element By : By.xpath: //div[@class='_3Njdz7']//following::div/button[@type='submit']
Found Element By : By.xpath: //div[@class='_3Njdz7']//following::div/button[@type='submit']
Trying to click on: [[ChromeDriver: chrome on WINDOWS (c188ce4ee4f221104917a791480a0f1d)] -> xpath: //div[@class='_3Njdz7']//following::div/button[@type='submit']]
Clicked on: [[ChromeDriver: chrome on WINDOWS (c188ce4ee4f221104917a791480a0f1d)] -> xpath: //div[@class='_3Njdz7']//following::div/button[@type='submit']]
Interval time Fri Apr 24 15:52:33 IST 2020
Interval time Fri Apr 24 15:52:33 IST 2020
Page is fully loaded
Trying to find Element By : By.xpath: //div[@class='_1jA3uo']/child::div
Found Element By : By.xpath: //div[@class='_1jA3uo']/child::div
2
Trying to find Element By : By.xpath: //div[@class='_1jA3uo']/child::div
Found Element By : By.xpath: //div[@class='_1jA3uo']/child::div
Trying to find Element By : By.xpath: //div[@class='_1jA3uo']/child::div
Found Element By : By.xpath: //div[@class='_1jA3uo']/child::div
Exception occured: org.openqa.selenium.StaleElementReferenceException: stale element reference: element is not attached to the page document
  (Session info: chrome=81.0.4044.122)
For documentation on this error, please visit: https://www.seleniumhq.org/exceptions/stale_element_reference.html
Build info: version: '4.0.0-alpha-3', revision: '8c567de6dc'
System info: host: 'DESKTOP-OFC8VFN', ip: '192.168.1.7', os.name: 'Windows 10', os.arch: 'amd64', os.version: '10.0', java.version: '1.8.0_201'
Driver info: org.openqa.selenium.chrome.ChromeDriver
Capabilities {acceptInsecureCerts: false, browserName: chrome, browserVersion: 81.0.4044.122, chrome: {chromedriverVersion: 81.0.4044.69 (6813546031a4b..., userDataDir: C:\Users\Mudit\AppData\Loca...}, goog:chromeOptions: {debuggerAddress: localhost:1990}, javascriptEnabled: true, networkConnectionEnabled: false, pageLoadStrategy: normal, platform: WINDOWS, platformName: WINDOWS, proxy: Proxy(), setWindowRect: true, strictFileInteractability: false, timeouts: {implicit: 0, pageLoad: 300000, script: 30000}, unhandledPromptBehavior: dismiss and notify, webauthn:virtualAuthenticators: true}
Session ID: c188ce4ee4f221104917a791480a0f1d
]]></system-out>
    <system-err><![CDATA[Apr 24, 2020 3:52:26 PM org.openqa.selenium.remote.ProtocolHandshake createSession
INFO: Detected dialect: W3C
]]></system-err>
  </testcase>
  <testcase name="getMenuBarList" classname="com.qa.flipkart.tests_smoke.HomePageTest" time="3.737"/>
  <testcase name="selectItem" classname="com.qa.flipkart.tests_smoke.HomePageTest" time="0">
    <skipped/>
    <system-out><![CDATA[close the browser
Before navigating to: 'https://www.flipkart.com/'
Navigated to:'https://www.flipkart.com/'
Trying to find Element By : By.xpath: //div[@class='_3Njdz7']//following::div/input[@type='text']
Found Element By : By.xpath: //div[@class='_3Njdz7']//following::div/input[@type='text']
Trying to find Element By : By.xpath: //div[@class='_3Njdz7']//following::div/input[@type='password']
Found Element By : By.xpath: //div[@class='_3Njdz7']//following::div/input[@type='password']
Trying to find Element By : By.xpath: //div[@class='_3Njdz7']//following::div/button[@type='submit']
Found Element By : By.xpath: //div[@class='_3Njdz7']//following::div/button[@type='submit']
Trying to click on: [[ChromeDriver: chrome on WINDOWS (d41a3c6206e617a10f3ce64df4478fee)] -> xpath: //div[@class='_3Njdz7']//following::div/button[@type='submit']]
Clicked on: [[ChromeDriver: chrome on WINDOWS (d41a3c6206e617a10f3ce64df4478fee)] -> xpath: //div[@class='_3Njdz7']//following::div/button[@type='submit']]
Trying to find Element By : By.name: q
Found Element By : By.name: q
Exception occured: org.openqa.selenium.StaleElementReferenceException: stale element reference: element is not attached to the page document
  (Session info: chrome=81.0.4044.122)
For documentation on this error, please visit: https://www.seleniumhq.org/exceptions/stale_element_reference.html
Build info: version: '4.0.0-alpha-3', revision: '8c567de6dc'
System info: host: 'DESKTOP-OFC8VFN', ip: '192.168.1.7', os.name: 'Windows 10', os.arch: 'amd64', os.version: '10.0', java.version: '1.8.0_201'
Driver info: org.openqa.selenium.chrome.ChromeDriver
Capabilities {acceptInsecureCerts: false, browserName: chrome, browserVersion: 81.0.4044.122, chrome: {chromedriverVersion: 81.0.4044.69 (6813546031a4b..., userDataDir: C:\Users\Mudit\AppData\Loca...}, goog:chromeOptions: {debuggerAddress: localhost:2085}, javascriptEnabled: true, networkConnectionEnabled: false, pageLoadStrategy: normal, platform: WINDOWS, platformName: WINDOWS, proxy: Proxy(), setWindowRect: true, strictFileInteractability: false, timeouts: {implicit: 0, pageLoad: 300000, script: 30000}, unhandledPromptBehavior: dismiss and notify, webauthn:virtualAuthenticators: true}
Session ID: d41a3c6206e617a10f3ce64df4478fee
]]></system-out>
    <system-err><![CDATA[Apr 24, 2020 3:52:55 PM org.openqa.selenium.remote.ProtocolHandshake createSession
INFO: Detected dialect: W3C
]]></system-err>
  </testcase>
  <testcase name="selectItem" classname="com.qa.flipkart.tests_smoke.HomePageTest" time="2.684"/>
  <testcase name="verifyAppUrl" classname="com.qa.flipkart.tests_smoke.HomePageTest" time="0.021"/>
  <testcase name="verifyHomePageTitle" classname="com.qa.flipkart.tests_smoke.HomePageTest" time="0.017"/>
  <testcase name="verifySubMenuBarListTest" classname="com.qa.flipkart.tests_smoke.HomePageTest" time="10.627"/>
  <testcase name="verifyTitle" classname="com.qa.flipkart.tests_smoke.GroceryPageTest" time="3.906"/>
  <testcase name="verifyOffersPageTitle" classname="com.qa.flipkart.tests_smoke.OffersPageTest" time="0">
    <skipped/>
    <system-out><![CDATA[close the browser
Before navigating to: 'https://www.flipkart.com/'
Navigated to:'https://www.flipkart.com/'
Trying to find Element By : By.xpath: //div[@class='_3Njdz7']//following::div/input[@type='text']
Found Element By : By.xpath: //div[@class='_3Njdz7']//following::div/input[@type='text']
Trying to find Element By : By.xpath: //div[@class='_3Njdz7']//following::div/input[@type='password']
Found Element By : By.xpath: //div[@class='_3Njdz7']//following::div/input[@type='password']
Trying to find Element By : By.xpath: //div[@class='_3Njdz7']//following::div/button[@type='submit']
Found Element By : By.xpath: //div[@class='_3Njdz7']//following::div/button[@type='submit']
Trying to click on: [[ChromeDriver: chrome on WINDOWS (0ee0985d76837f185fec8a83791d3e88)] -> xpath: //div[@class='_3Njdz7']//following::div/button[@type='submit']]
Clicked on: [[ChromeDriver: chrome on WINDOWS (0ee0985d76837f185fec8a83791d3e88)] -> xpath: //div[@class='_3Njdz7']//following::div/button[@type='submit']]
Interval time Fri Apr 24 15:54:36 IST 2020
Interval time Fri Apr 24 15:54:36 IST 2020
Page is fully loaded
Trying to find Element By : By.xpath: //div[@class='_3zdbog _3Ed3Ub']/ul/child::li/a/span[text()='Offer Zone']
Found Element By : By.xpath: //div[@class='_3zdbog _3Ed3Ub']/ul/child::li/a/span[text()='Offer Zone']
Trying to click on: [[ChromeDriver: chrome on WINDOWS (0ee0985d76837f185fec8a83791d3e88)] -> xpath: //div[@class='_3zdbog _3Ed3Ub']/ul/child::li/a/span[text()='Offer Zone']]
Exception occured: org.openqa.selenium.StaleElementReferenceException: stale element reference: element is not attached to the page document
  (Session info: chrome=81.0.4044.122)
For documentation on this error, please visit: https://www.seleniumhq.org/exceptions/stale_element_reference.html
Build info: version: '4.0.0-alpha-3', revision: '8c567de6dc'
System info: host: 'DESKTOP-OFC8VFN', ip: '192.168.1.7', os.name: 'Windows 10', os.arch: 'amd64', os.version: '10.0', java.version: '1.8.0_201'
Driver info: org.openqa.selenium.chrome.ChromeDriver
Capabilities {acceptInsecureCerts: false, browserName: chrome, browserVersion: 81.0.4044.122, chrome: {chromedriverVersion: 81.0.4044.69 (6813546031a4b..., userDataDir: C:\Users\Mudit\AppData\Loca...}, goog:chromeOptions: {debuggerAddress: localhost:2385}, javascriptEnabled: true, networkConnectionEnabled: false, pageLoadStrategy: normal, platform: WINDOWS, platformName: WINDOWS, proxy: Proxy(), setWindowRect: true, strictFileInteractability: false, timeouts: {implicit: 0, pageLoad: 300000, script: 30000}, unhandledPromptBehavior: dismiss and notify, webauthn:virtualAuthenticators: true}
Session ID: 0ee0985d76837f185fec8a83791d3e88
]]></system-out>
    <system-err><![CDATA[Apr 24, 2020 3:54:28 PM org.openqa.selenium.remote.ProtocolHandshake createSession
INFO: Detected dialect: W3C
]]></system-err>
  </testcase>
  <testcase name="verifyOffersPageTitle" classname="com.qa.flipkart.tests_smoke.OffersPageTest" time="0">
    <skipped/>
    <system-out><![CDATA[close the browser
Before navigating to: 'https://www.flipkart.com/'
Navigated to:'https://www.flipkart.com/'
Trying to find Element By : By.xpath: //div[@class='_3Njdz7']//following::div/input[@type='text']
Found Element By : By.xpath: //div[@class='_3Njdz7']//following::div/input[@type='text']
Trying to find Element By : By.xpath: //div[@class='_3Njdz7']//following::div/input[@type='password']
Found Element By : By.xpath: //div[@class='_3Njdz7']//following::div/input[@type='password']
Trying to find Element By : By.xpath: //div[@class='_3Njdz7']//following::div/button[@type='submit']
Found Element By : By.xpath: //div[@class='_3Njdz7']//following::div/button[@type='submit']
Trying to click on: [[ChromeDriver: chrome on WINDOWS (54c5a9daff23569b119b40b772a6f1c0)] -> xpath: //div[@class='_3Njdz7']//following::div/button[@type='submit']]
Clicked on: [[ChromeDriver: chrome on WINDOWS (54c5a9daff23569b119b40b772a6f1c0)] -> xpath: //div[@class='_3Njdz7']//following::div/button[@type='submit']]
Interval time Fri Apr 24 15:54:49 IST 2020
Interval time Fri Apr 24 15:54:49 IST 2020
Page is fully loaded
Trying to find Element By : By.xpath: //div[@class='_3zdbog _3Ed3Ub']/ul/child::li/a/span[text()='Offer Zone']
Found Element By : By.xpath: //div[@class='_3zdbog _3Ed3Ub']/ul/child::li/a/span[text()='Offer Zone']
Trying to click on: [[ChromeDriver: chrome on WINDOWS (54c5a9daff23569b119b40b772a6f1c0)] -> xpath: //div[@class='_3zdbog _3Ed3Ub']/ul/child::li/a/span[text()='Offer Zone']]
Exception occured: org.openqa.selenium.StaleElementReferenceException: stale element reference: element is not attached to the page document
  (Session info: chrome=81.0.4044.122)
For documentation on this error, please visit: https://www.seleniumhq.org/exceptions/stale_element_reference.html
Build info: version: '4.0.0-alpha-3', revision: '8c567de6dc'
System info: host: 'DESKTOP-OFC8VFN', ip: '192.168.1.7', os.name: 'Windows 10', os.arch: 'amd64', os.version: '10.0', java.version: '1.8.0_201'
Driver info: org.openqa.selenium.chrome.ChromeDriver
Capabilities {acceptInsecureCerts: false, browserName: chrome, browserVersion: 81.0.4044.122, chrome: {chromedriverVersion: 81.0.4044.69 (6813546031a4b..., userDataDir: C:\Users\Mudit\AppData\Loca...}, goog:chromeOptions: {debuggerAddress: localhost:2426}, javascriptEnabled: true, networkConnectionEnabled: false, pageLoadStrategy: normal, platform: WINDOWS, platformName: WINDOWS, proxy: Proxy(), setWindowRect: true, strictFileInteractability: false, timeouts: {implicit: 0, pageLoad: 300000, script: 30000}, unhandledPromptBehavior: dismiss and notify, webauthn:virtualAuthenticators: true}
Session ID: 54c5a9daff23569b119b40b772a6f1c0
]]></system-out>
    <system-err><![CDATA[Apr 24, 2020 3:54:42 PM org.openqa.selenium.remote.ProtocolHandshake createSession
INFO: Detected dialect: W3C
]]></system-err>
  </testcase>
  <testcase name="verifyOffersPageTitle" classname="com.qa.flipkart.tests_smoke.OffersPageTest" time="0">
    <skipped/>
    <system-out><![CDATA[close the browser
Before navigating to: 'https://www.flipkart.com/'
Navigated to:'https://www.flipkart.com/'
Trying to find Element By : By.xpath: //div[@class='_3Njdz7']//following::div/input[@type='text']
Found Element By : By.xpath: //div[@class='_3Njdz7']//following::div/input[@type='text']
Trying to find Element By : By.xpath: //div[@class='_3Njdz7']//following::div/input[@type='password']
Found Element By : By.xpath: //div[@class='_3Njdz7']//following::div/input[@type='password']
Trying to find Element By : By.xpath: //div[@class='_3Njdz7']//following::div/button[@type='submit']
Found Element By : By.xpath: //div[@class='_3Njdz7']//following::div/button[@type='submit']
Trying to click on: [[ChromeDriver: chrome on WINDOWS (5af48c26880a89dc0553c48d2685a03b)] -> xpath: //div[@class='_3Njdz7']//following::div/button[@type='submit']]
Clicked on: [[ChromeDriver: chrome on WINDOWS (5af48c26880a89dc0553c48d2685a03b)] -> xpath: //div[@class='_3Njdz7']//following::div/button[@type='submit']]
Interval time Fri Apr 24 15:55:01 IST 2020
Interval time Fri Apr 24 15:55:01 IST 2020
Page is fully loaded
Trying to find Element By : By.xpath: //div[@class='_3zdbog _3Ed3Ub']/ul/child::li/a/span[text()='Offer Zone']
Found Element By : By.xpath: //div[@class='_3zdbog _3Ed3Ub']/ul/child::li/a/span[text()='Offer Zone']
Trying to click on: [[ChromeDriver: chrome on WINDOWS (5af48c26880a89dc0553c48d2685a03b)] -> xpath: //div[@class='_3zdbog _3Ed3Ub']/ul/child::li/a/span[text()='Offer Zone']]
Exception occured: org.openqa.selenium.StaleElementReferenceException: stale element reference: element is not attached to the page document
  (Session info: chrome=81.0.4044.122)
For documentation on this error, please visit: https://www.seleniumhq.org/exceptions/stale_element_reference.html
Build info: version: '4.0.0-alpha-3', revision: '8c567de6dc'
System info: host: 'DESKTOP-OFC8VFN', ip: '192.168.1.7', os.name: 'Windows 10', os.arch: 'amd64', os.version: '10.0', java.version: '1.8.0_201'
Driver info: org.openqa.selenium.chrome.ChromeDriver
Capabilities {acceptInsecureCerts: false, browserName: chrome, browserVersion: 81.0.4044.122, chrome: {chromedriverVersion: 81.0.4044.69 (6813546031a4b..., userDataDir: C:\Users\Mudit\AppData\Loca...}, goog:chromeOptions: {debuggerAddress: localhost:2477}, javascriptEnabled: true, networkConnectionEnabled: false, pageLoadStrategy: normal, platform: WINDOWS, platformName: WINDOWS, proxy: Proxy(), setWindowRect: true, strictFileInteractability: false, timeouts: {implicit: 0, pageLoad: 300000, script: 30000}, unhandledPromptBehavior: dismiss and notify, webauthn:virtualAuthenticators: true}
Session ID: 5af48c26880a89dc0553c48d2685a03b
]]></system-out>
    <system-err><![CDATA[Apr 24, 2020 3:54:55 PM org.openqa.selenium.remote.ProtocolHandshake createSession
INFO: Detected dialect: W3C
]]></system-err>
  </testcase>
  <testcase name="verifyOffersPageTitle" classname="com.qa.flipkart.tests_smoke.OffersPageTest" time="3.495">
    <failure message="stale element reference: element is not attached to the page document&#10;  (Session info: chrome=81.0.4044.122)&#10;For documentation on this error, please visit: https://www.seleniumhq.org/exceptions/stale_element_reference.html&#10;Build info: version: &apos;4.0.0-alpha-3&apos;, revision: &apos;8c567de6dc&apos;&#10;System info: host: &apos;DESKTOP-OFC8VFN&apos;, ip: &apos;192.168.1.7&apos;, os.name: &apos;Windows 10&apos;, os.arch: &apos;amd64&apos;, os.version: &apos;10.0&apos;, java.version: &apos;1.8.0_201&apos;&#10;Driver info: org.openqa.selenium.chrome.ChromeDriver&#10;Capabilities {acceptInsecureCerts: false, browserName: chrome, browserVersion: 81.0.4044.122, chrome: {chromedriverVersion: 81.0.4044.69 (6813546031a4b..., userDataDir: C:\Users\Mudit\AppData\Loca...}, goog:chromeOptions: {debuggerAddress: localhost:2528}, javascriptEnabled: true, networkConnectionEnabled: false, pageLoadStrategy: normal, platform: WINDOWS, platformName: WINDOWS, proxy: Proxy(), setWindowRect: true, strictFileInteractability: false, timeouts: {implicit: 0, pageLoad: 300000, script: 30000}, unhandledPromptBehavior: dismiss and notify, webauthn:virtualAuthenticators: true}&#10;Session ID: 075dcdc46e1667b11d2b95b485d82f63" type="org.openqa.selenium.StaleElementReferenceException">org.openqa.selenium.StaleElementReferenceException: stale element reference: element is not attached to the page document
  (Session info: chrome=81.0.4044.122)
For documentation on this error, please visit: https://www.seleniumhq.org/exceptions/stale_element_reference.html
Build info: version: '4.0.0-alpha-3', revision: '8c567de6dc'
System info: host: 'DESKTOP-OFC8VFN', ip: '192.168.1.7', os.name: 'Windows 10', os.arch: 'amd64', os.version: '10.0', java.version: '1.8.0_201'
Driver info: org.openqa.selenium.chrome.ChromeDriver
Capabilities {acceptInsecureCerts: false, browserName: chrome, browserVersion: 81.0.4044.122, chrome: {chromedriverVersion: 81.0.4044.69 (6813546031a4b..., userDataDir: C:\Users\Mudit\AppData\Loca...}, goog:chromeOptions: {debuggerAddress: localhost:2528}, javascriptEnabled: true, networkConnectionEnabled: false, pageLoadStrategy: normal, platform: WINDOWS, platformName: WINDOWS, proxy: Proxy(), setWindowRect: true, strictFileInteractability: false, timeouts: {implicit: 0, pageLoad: 300000, script: 30000}, unhandledPromptBehavior: dismiss and notify, webauthn:virtualAuthenticators: true}
Session ID: 075dcdc46e1667b11d2b95b485d82f63
	at sun.reflect.NativeConstructorAccessorImpl.newInstance0(Native Method)
	at sun.reflect.NativeConstructorAccessorImpl.newInstance(NativeConstructorAccessorImpl.java:62)
	at sun.reflect.DelegatingConstructorAccessorImpl.newInstance(DelegatingConstructorAccessorImpl.java:45)
	at java.lang.reflect.Constructor.newInstance(Constructor.java:423)
	at org.openqa.selenium.remote.codec.w3c.W3CHttpResponseCodec.createException(W3CHttpResponseCodec.java:191)
	at org.openqa.selenium.remote.codec.w3c.W3CHttpResponseCodec.decode(W3CHttpResponseCodec.java:125)
	at org.openqa.selenium.remote.codec.w3c.W3CHttpResponseCodec.decode(W3CHttpResponseCodec.java:52)
	at org.openqa.selenium.remote.HttpCommandExecutor.execute(HttpCommandExecutor.java:161)
	at org.openqa.selenium.remote.service.DriverCommandExecutor.execute(DriverCommandExecutor.java:83)
	at org.openqa.selenium.remote.RemoteWebDriver.execute(RemoteWebDriver.java:576)
	at org.openqa.selenium.remote.RemoteWebElement.execute(RemoteWebElement.java:308)
	at org.openqa.selenium.remote.RemoteWebElement.click(RemoteWebElement.java:83)
	at sun.reflect.GeneratedMethodAccessor7.invoke(Unknown Source)
	at sun.reflect.DelegatingMethodAccessorImpl.invoke(DelegatingMethodAccessorImpl.java:43)
	at java.lang.reflect.Method.invoke(Method.java:498)
	at org.openqa.selenium.support.events.EventFiringWebDriver$EventFiringWebElement.lambda$new$0(EventFiringWebDriver.java:405)
	at com.sun.proxy.$Proxy12.click(Unknown Source)
	at org.openqa.selenium.support.events.EventFiringWebDriver$EventFiringWebElement.click(EventFiringWebDriver.java:418)
	at sun.reflect.GeneratedMethodAccessor7.invoke(Unknown Source)
	at sun.reflect.DelegatingMethodAccessorImpl.invoke(DelegatingMethodAccessorImpl.java:43)
	at java.lang.reflect.Method.invoke(Method.java:498)
	at org.openqa.selenium.support.pagefactory.internal.LocatingElementHandler.invoke(LocatingElementHandler.java:52)
	at com.sun.proxy.$Proxy11.click(Unknown Source)
	at com.qa.flipkart.pages.HomePage.verifyOfferZoneSubMenu(HomePage.java:136)
	at com.qa.flipkart.tests_smoke.OffersPageTest.verifyOffersPageTitle(OffersPageTest.java:37)
</failure>
    <system-out><![CDATA[close the browser
Before navigating to: 'https://www.flipkart.com/'
Navigated to:'https://www.flipkart.com/'
Trying to find Element By : By.xpath: //div[@class='_3Njdz7']//following::div/input[@type='text']
Found Element By : By.xpath: //div[@class='_3Njdz7']//following::div/input[@type='text']
Trying to find Element By : By.xpath: //div[@class='_3Njdz7']//following::div/input[@type='password']
Found Element By : By.xpath: //div[@class='_3Njdz7']//following::div/input[@type='password']
Trying to find Element By : By.xpath: //div[@class='_3Njdz7']//following::div/button[@type='submit']
Found Element By : By.xpath: //div[@class='_3Njdz7']//following::div/button[@type='submit']
Trying to click on: [[ChromeDriver: chrome on WINDOWS (075dcdc46e1667b11d2b95b485d82f63)] -> xpath: //div[@class='_3Njdz7']//following::div/button[@type='submit']]
Clicked on: [[ChromeDriver: chrome on WINDOWS (075dcdc46e1667b11d2b95b485d82f63)] -> xpath: //div[@class='_3Njdz7']//following::div/button[@type='submit']]
Interval time Fri Apr 24 15:55:15 IST 2020
Interval time Fri Apr 24 15:55:15 IST 2020
Page is fully loaded
Trying to find Element By : By.xpath: //div[@class='_3zdbog _3Ed3Ub']/ul/child::li/a/span[text()='Offer Zone']
Found Element By : By.xpath: //div[@class='_3zdbog _3Ed3Ub']/ul/child::li/a/span[text()='Offer Zone']
Trying to click on: [[ChromeDriver: chrome on WINDOWS (075dcdc46e1667b11d2b95b485d82f63)] -> xpath: //div[@class='_3zdbog _3Ed3Ub']/ul/child::li/a/span[text()='Offer Zone']]
Exception occured: org.openqa.selenium.StaleElementReferenceException: stale element reference: element is not attached to the page document
  (Session info: chrome=81.0.4044.122)
For documentation on this error, please visit: https://www.seleniumhq.org/exceptions/stale_element_reference.html
Build info: version: '4.0.0-alpha-3', revision: '8c567de6dc'
System info: host: 'DESKTOP-OFC8VFN', ip: '192.168.1.7', os.name: 'Windows 10', os.arch: 'amd64', os.version: '10.0', java.version: '1.8.0_201'
Driver info: org.openqa.selenium.chrome.ChromeDriver
Capabilities {acceptInsecureCerts: false, browserName: chrome, browserVersion: 81.0.4044.122, chrome: {chromedriverVersion: 81.0.4044.69 (6813546031a4b..., userDataDir: C:\Users\Mudit\AppData\Loca...}, goog:chromeOptions: {debuggerAddress: localhost:2528}, javascriptEnabled: true, networkConnectionEnabled: false, pageLoadStrategy: normal, platform: WINDOWS, platformName: WINDOWS, proxy: Proxy(), setWindowRect: true, strictFileInteractability: false, timeouts: {implicit: 0, pageLoad: 300000, script: 30000}, unhandledPromptBehavior: dismiss and notify, webauthn:virtualAuthenticators: true}
Session ID: 075dcdc46e1667b11d2b95b485d82f63
]]></system-out>
    <system-err><![CDATA[Apr 24, 2020 3:55:07 PM org.openqa.selenium.remote.ProtocolHandshake createSession
INFO: Detected dialect: W3C
]]></system-err>
  </testcase>
  <testcase name="addAddressTest" classname="com.qa.flipkart.tests_smoke.MyProfilePageTest" time="4.784"/>
  <testcase name="clickOnManageAddressesLinkTest" classname="com.qa.flipkart.tests_smoke.MyProfilePageTest" time="0.976"/>
  <testcase name="enterFirstNameTest" classname="com.qa.flipkart.tests_smoke.MyProfilePageTest" time="2.334"/>
  <testcase name="enterLastNameTest" classname="com.qa.flipkart.tests_smoke.MyProfilePageTest" time="2.301"/>
  <testcase name="verifyClickOnEditEmailAddLnk" classname="com.qa.flipkart.tests_smoke.MyProfilePageTest" time="2.658"/>
  <testcase name="verifyMyProfilePageTitleTest" classname="com.qa.flipkart.tests_smoke.MyProfilePageTest" time="0">
    <skipped/>
    <system-out><![CDATA[close the browser
Before navigating to: 'https://www.flipkart.com/'
Navigated to:'https://www.flipkart.com/'
Trying to find Element By : By.xpath: //div[@class='_3Njdz7']//following::div/input[@type='text']
Found Element By : By.xpath: //div[@class='_3Njdz7']//following::div/input[@type='text']
Trying to find Element By : By.xpath: //div[@class='_3Njdz7']//following::div/input[@type='password']
Found Element By : By.xpath: //div[@class='_3Njdz7']//following::div/input[@type='password']
Trying to find Element By : By.xpath: //div[@class='_3Njdz7']//following::div/button[@type='submit']
Found Element By : By.xpath: //div[@class='_3Njdz7']//following::div/button[@type='submit']
Trying to click on: [[ChromeDriver: chrome on WINDOWS (daad94c7b908b417cf06d1c867d9538a)] -> xpath: //div[@class='_3Njdz7']//following::div/button[@type='submit']]
Clicked on: [[ChromeDriver: chrome on WINDOWS (daad94c7b908b417cf06d1c867d9538a)] -> xpath: //div[@class='_3Njdz7']//following::div/button[@type='submit']]
Interval time Fri Apr 24 15:56:54 IST 2020
Interval time Fri Apr 24 15:56:54 IST 2020
Page is fully loaded
Trying to find Element By : By.xpath: //div[@class='_1jA3uo']/child::div
Found Element By : By.xpath: //div[@class='_1jA3uo']/child::div
Trying to find Element By : By.xpath: //div/ul[@class='RlwYhr undefined']/child::li/a/div[text()='My Profile']
Found Element By : By.xpath: //div/ul[@class='RlwYhr undefined']/child::li/a/div[text()='My Profile']
Trying to find Element By : By.xpath: //div/ul[@class='RlwYhr undefined']/child::li/a/div[text()='My Profile']
Found Element By : By.xpath: //div/ul[@class='RlwYhr undefined']/child::li/a/div[text()='My Profile']
Trying to click on: [[ChromeDriver: chrome on WINDOWS (daad94c7b908b417cf06d1c867d9538a)] -> xpath: //div/ul[@class='RlwYhr undefined']/child::li/a/div[text()='My Profile']]
Clicked on: [[ChromeDriver: chrome on WINDOWS (daad94c7b908b417cf06d1c867d9538a)] -> xpath: //div/ul[@class='RlwYhr undefined']/child::li/a/div[text()='My Profile']]
Before navigating to: 'https://www.flipkart.com/account'
Navigated to:'https://www.flipkart.com/account'

]]></system-out>
    <system-err><![CDATA[Apr 24, 2020 3:56:48 PM org.openqa.selenium.remote.ProtocolHandshake createSession
INFO: Detected dialect: W3C
]]></system-err>
  </testcase>
  <testcase name="verifyMyProfilePageTitleTest" classname="com.qa.flipkart.tests_smoke.MyProfilePageTest" time="1.478"/>
  <testcase name="verifyPersonalInfoclickOnEdit" classname="com.qa.flipkart.tests_smoke.MyProfilePageTest" time="1.704"/>
  <testcase name="LoginValidUsernameBlankPassTest" classname="com.qa.flipkart.tests_regression.LoginPageTest" time="1.39"/>
  <testcase name="loginForgotPassResendOTPTest" classname="com.qa.flipkart.tests_regression.LoginPageTest" time="1.496"/>
  <testcase name="loginForgotPassloginForgotPassChangeEmailTest" classname="com.qa.flipkart.tests_regression.LoginPageTest" time="0">
    <skipped/>
    <system-out><![CDATA[Quitting the browser
Before navigating to: 'https://www.flipkart.com/'
Navigated to:'https://www.flipkart.com/'
Trying to find Element By : By.xpath: //div[@class='_3Njdz7']//following::div/input[@type='text']
Found Element By : By.xpath: //div[@class='_3Njdz7']//following::div/input[@type='text']
Trying to find Element By : By.xpath: //a/span[contains(text(),'Forgot?')]
Found Element By : By.xpath: //a/span[contains(text(),'Forgot?')]
Trying to find Element By : By.xpath: //a/span[contains(text(),'Forgot?')]
Found Element By : By.xpath: //a/span[contains(text(),'Forgot?')]
Trying to click on: [[ChromeDriver: chrome on WINDOWS (1086920dc824b310c193c44ceb96b679)] -> xpath: //a/span[contains(text(),'Forgot?')]]
Clicked on: [[ChromeDriver: chrome on WINDOWS (1086920dc824b310c193c44ceb96b679)] -> xpath: //a/span[contains(text(),'Forgot?')]]
Trying to find Element By : By.xpath: //a/span[contains(text(),'Change?')]
Found Element By : By.xpath: //a/span[contains(text(),'Change?')]
Trying to find Element By : By.xpath: //a/span[contains(text(),'Change?')]
Found Element By : By.xpath: //a/span[contains(text(),'Change?')]
Trying to find Element By : By.xpath: //a/span[contains(text(),'Change?')]
Found Element By : By.xpath: //a/span[contains(text(),'Change?')]
Trying to click on: [[ChromeDriver: chrome on WINDOWS (1086920dc824b310c193c44ceb96b679)] -> xpath: //a/span[contains(text(),'Change?')]]
Clicked on: [[ChromeDriver: chrome on WINDOWS (1086920dc824b310c193c44ceb96b679)] -> xpath: //a/span[contains(text(),'Change?')]]
Trying to find Element By : By.xpath: //a/span[contains(text(),'Resend?')]
Exception occured: org.openqa.selenium.NoSuchElementException: no such element: Unable to locate element: {"method":"xpath","selector":"//a/span[contains(text(),'Resend?')]"}
  (Session info: chrome=81.0.4044.122)
For documentation on this error, please visit: https://www.seleniumhq.org/exceptions/no_such_element.html
Build info: version: '4.0.0-alpha-3', revision: '8c567de6dc'
System info: host: 'DESKTOP-OFC8VFN', ip: '192.168.1.7', os.name: 'Windows 10', os.arch: 'amd64', os.version: '10.0', java.version: '1.8.0_201'
Driver info: org.openqa.selenium.chrome.ChromeDriver
Capabilities {acceptInsecureCerts: false, browserName: chrome, browserVersion: 81.0.4044.122, chrome: {chromedriverVersion: 81.0.4044.69 (6813546031a4b..., userDataDir: C:\Users\Mudit\AppData\Loca...}, goog:chromeOptions: {debuggerAddress: localhost:3113}, javascriptEnabled: true, networkConnectionEnabled: false, pageLoadStrategy: normal, platform: WINDOWS, platformName: WINDOWS, proxy: Proxy(), setWindowRect: true, strictFileInteractability: false, timeouts: {implicit: 0, pageLoad: 300000, script: 30000}, unhandledPromptBehavior: dismiss and notify, webauthn:virtualAuthenticators: true}
Session ID: 1086920dc824b310c193c44ceb96b679
*** Element info: {Using=xpath, value=//a/span[contains(text(),'Resend?')]}
Trying to find Element By : By.xpath: //a/span[contains(text(),'Resend?')]
Exception occured: org.openqa.selenium.NoSuchElementException: no such element: Unable to locate element: {"method":"xpath","selector":"//a/span[contains(text(),'Resend?')]"}
  (Session info: chrome=81.0.4044.122)
For documentation on this error, please visit: https://www.seleniumhq.org/exceptions/no_such_element.html
Build info: version: '4.0.0-alpha-3', revision: '8c567de6dc'
System info: host: 'DESKTOP-OFC8VFN', ip: '192.168.1.7', os.name: 'Windows 10', os.arch: 'amd64', os.version: '10.0', java.version: '1.8.0_201'
Driver info: org.openqa.selenium.chrome.ChromeDriver
Capabilities {acceptInsecureCerts: false, browserName: chrome, browserVersion: 81.0.4044.122, chrome: {chromedriverVersion: 81.0.4044.69 (6813546031a4b..., userDataDir: C:\Users\Mudit\AppData\Loca...}, goog:chromeOptions: {debuggerAddress: localhost:3113}, javascriptEnabled: true, networkConnectionEnabled: false, pageLoadStrategy: normal, platform: WINDOWS, platformName: WINDOWS, proxy: Proxy(), setWindowRect: true, strictFileInteractability: false, timeouts: {implicit: 0, pageLoad: 300000, script: 30000}, unhandledPromptBehavior: dismiss and notify, webauthn:virtualAuthenticators: true}
Session ID: 1086920dc824b310c193c44ceb96b679
*** Element info: {Using=xpath, value=//a/span[contains(text(),'Resend?')]}
]]></system-out>
    <system-err><![CDATA[Apr 24, 2020 3:57:59 PM org.openqa.selenium.remote.ProtocolHandshake createSession
INFO: Detected dialect: W3C
]]></system-err>
  </testcase>
  <testcase name="loginForgotPassloginForgotPassChangeEmailTest" classname="com.qa.flipkart.tests_regression.LoginPageTest" time="0">
    <skipped/>
    <system-out><![CDATA[Quitting the browser
Before navigating to: 'https://www.flipkart.com/'
Navigated to:'https://www.flipkart.com/'
Trying to find Element By : By.xpath: //div[@class='_3Njdz7']//following::div/input[@type='text']
Found Element By : By.xpath: //div[@class='_3Njdz7']//following::div/input[@type='text']
Trying to find Element By : By.xpath: //a/span[contains(text(),'Forgot?')]
Found Element By : By.xpath: //a/span[contains(text(),'Forgot?')]
Trying to find Element By : By.xpath: //a/span[contains(text(),'Forgot?')]
Found Element By : By.xpath: //a/span[contains(text(),'Forgot?')]
Trying to click on: [[ChromeDriver: chrome on WINDOWS (228071243bbb09409248232a828357f5)] -> xpath: //a/span[contains(text(),'Forgot?')]]
Clicked on: [[ChromeDriver: chrome on WINDOWS (228071243bbb09409248232a828357f5)] -> xpath: //a/span[contains(text(),'Forgot?')]]
Trying to find Element By : By.xpath: //a/span[contains(text(),'Change?')]
Found Element By : By.xpath: //a/span[contains(text(),'Change?')]
Trying to find Element By : By.xpath: //a/span[contains(text(),'Change?')]
Found Element By : By.xpath: //a/span[contains(text(),'Change?')]
Trying to find Element By : By.xpath: //a/span[contains(text(),'Change?')]
Found Element By : By.xpath: //a/span[contains(text(),'Change?')]
Trying to click on: [[ChromeDriver: chrome on WINDOWS (228071243bbb09409248232a828357f5)] -> xpath: //a/span[contains(text(),'Change?')]]
Clicked on: [[ChromeDriver: chrome on WINDOWS (228071243bbb09409248232a828357f5)] -> xpath: //a/span[contains(text(),'Change?')]]
Trying to find Element By : By.xpath: //a/span[contains(text(),'Resend?')]
Exception occured: org.openqa.selenium.NoSuchElementException: no such element: Unable to locate element: {"method":"xpath","selector":"//a/span[contains(text(),'Resend?')]"}
  (Session info: chrome=81.0.4044.122)
For documentation on this error, please visit: https://www.seleniumhq.org/exceptions/no_such_element.html
Build info: version: '4.0.0-alpha-3', revision: '8c567de6dc'
System info: host: 'DESKTOP-OFC8VFN', ip: '192.168.1.7', os.name: 'Windows 10', os.arch: 'amd64', os.version: '10.0', java.version: '1.8.0_201'
Driver info: org.openqa.selenium.chrome.ChromeDriver
Capabilities {acceptInsecureCerts: false, browserName: chrome, browserVersion: 81.0.4044.122, chrome: {chromedriverVersion: 81.0.4044.69 (6813546031a4b..., userDataDir: C:\Users\Mudit\AppData\Loca...}, goog:chromeOptions: {debuggerAddress: localhost:3168}, javascriptEnabled: true, networkConnectionEnabled: false, pageLoadStrategy: normal, platform: WINDOWS, platformName: WINDOWS, proxy: Proxy(), setWindowRect: true, strictFileInteractability: false, timeouts: {implicit: 0, pageLoad: 300000, script: 30000}, unhandledPromptBehavior: dismiss and notify, webauthn:virtualAuthenticators: true}
Session ID: 228071243bbb09409248232a828357f5
*** Element info: {Using=xpath, value=//a/span[contains(text(),'Resend?')]}
Trying to find Element By : By.xpath: //a/span[contains(text(),'Resend?')]
Exception occured: org.openqa.selenium.NoSuchElementException: no such element: Unable to locate element: {"method":"xpath","selector":"//a/span[contains(text(),'Resend?')]"}
  (Session info: chrome=81.0.4044.122)
For documentation on this error, please visit: https://www.seleniumhq.org/exceptions/no_such_element.html
Build info: version: '4.0.0-alpha-3', revision: '8c567de6dc'
System info: host: 'DESKTOP-OFC8VFN', ip: '192.168.1.7', os.name: 'Windows 10', os.arch: 'amd64', os.version: '10.0', java.version: '1.8.0_201'
Driver info: org.openqa.selenium.chrome.ChromeDriver
Capabilities {acceptInsecureCerts: false, browserName: chrome, browserVersion: 81.0.4044.122, chrome: {chromedriverVersion: 81.0.4044.69 (6813546031a4b..., userDataDir: C:\Users\Mudit\AppData\Loca...}, goog:chromeOptions: {debuggerAddress: localhost:3168}, javascriptEnabled: true, networkConnectionEnabled: false, pageLoadStrategy: normal, platform: WINDOWS, platformName: WINDOWS, proxy: Proxy(), setWindowRect: true, strictFileInteractability: false, timeouts: {implicit: 0, pageLoad: 300000, script: 30000}, unhandledPromptBehavior: dismiss and notify, webauthn:virtualAuthenticators: true}
Session ID: 228071243bbb09409248232a828357f5
*** Element info: {Using=xpath, value=//a/span[contains(text(),'Resend?')]}
]]></system-out>
    <system-err><![CDATA[Apr 24, 2020 3:58:51 PM org.openqa.selenium.remote.ProtocolHandshake createSession
INFO: Detected dialect: W3C
]]></system-err>
  </testcase>
  <testcase name="loginForgotPassloginForgotPassChangeEmailTest" classname="com.qa.flipkart.tests_regression.LoginPageTest" time="0">
    <skipped/>
    <system-out><![CDATA[Quitting the browser
Before navigating to: 'https://www.flipkart.com/'
Navigated to:'https://www.flipkart.com/'
Trying to find Element By : By.xpath: //div[@class='_3Njdz7']//following::div/input[@type='text']
Found Element By : By.xpath: //div[@class='_3Njdz7']//following::div/input[@type='text']
Trying to find Element By : By.xpath: //a/span[contains(text(),'Forgot?')]
Found Element By : By.xpath: //a/span[contains(text(),'Forgot?')]
Trying to find Element By : By.xpath: //a/span[contains(text(),'Forgot?')]
Found Element By : By.xpath: //a/span[contains(text(),'Forgot?')]
Trying to click on: [[ChromeDriver: chrome on WINDOWS (0594415579fe9e141754c5f832f324bc)] -> xpath: //a/span[contains(text(),'Forgot?')]]
Clicked on: [[ChromeDriver: chrome on WINDOWS (0594415579fe9e141754c5f832f324bc)] -> xpath: //a/span[contains(text(),'Forgot?')]]
Trying to find Element By : By.xpath: //a/span[contains(text(),'Change?')]
Found Element By : By.xpath: //a/span[contains(text(),'Change?')]
Trying to find Element By : By.xpath: //a/span[contains(text(),'Change?')]
Found Element By : By.xpath: //a/span[contains(text(),'Change?')]
Trying to find Element By : By.xpath: //a/span[contains(text(),'Change?')]
Found Element By : By.xpath: //a/span[contains(text(),'Change?')]
Trying to click on: [[ChromeDriver: chrome on WINDOWS (0594415579fe9e141754c5f832f324bc)] -> xpath: //a/span[contains(text(),'Change?')]]
Clicked on: [[ChromeDriver: chrome on WINDOWS (0594415579fe9e141754c5f832f324bc)] -> xpath: //a/span[contains(text(),'Change?')]]
Trying to find Element By : By.xpath: //a/span[contains(text(),'Resend?')]
Exception occured: org.openqa.selenium.NoSuchElementException: no such element: Unable to locate element: {"method":"xpath","selector":"//a/span[contains(text(),'Resend?')]"}
  (Session info: chrome=81.0.4044.122)
For documentation on this error, please visit: https://www.seleniumhq.org/exceptions/no_such_element.html
Build info: version: '4.0.0-alpha-3', revision: '8c567de6dc'
System info: host: 'DESKTOP-OFC8VFN', ip: '192.168.1.7', os.name: 'Windows 10', os.arch: 'amd64', os.version: '10.0', java.version: '1.8.0_201'
Driver info: org.openqa.selenium.chrome.ChromeDriver
Capabilities {acceptInsecureCerts: false, browserName: chrome, browserVersion: 81.0.4044.122, chrome: {chromedriverVersion: 81.0.4044.69 (6813546031a4b..., userDataDir: C:\Users\Mudit\AppData\Loca...}, goog:chromeOptions: {debuggerAddress: localhost:3217}, javascriptEnabled: true, networkConnectionEnabled: false, pageLoadStrategy: normal, platform: WINDOWS, platformName: WINDOWS, proxy: Proxy(), setWindowRect: true, strictFileInteractability: false, timeouts: {implicit: 0, pageLoad: 300000, script: 30000}, unhandledPromptBehavior: dismiss and notify, webauthn:virtualAuthenticators: true}
Session ID: 0594415579fe9e141754c5f832f324bc
*** Element info: {Using=xpath, value=//a/span[contains(text(),'Resend?')]}
Trying to find Element By : By.xpath: //a/span[contains(text(),'Resend?')]
Exception occured: org.openqa.selenium.NoSuchElementException: no such element: Unable to locate element: {"method":"xpath","selector":"//a/span[contains(text(),'Resend?')]"}
  (Session info: chrome=81.0.4044.122)
For documentation on this error, please visit: https://www.seleniumhq.org/exceptions/no_such_element.html
Build info: version: '4.0.0-alpha-3', revision: '8c567de6dc'
System info: host: 'DESKTOP-OFC8VFN', ip: '192.168.1.7', os.name: 'Windows 10', os.arch: 'amd64', os.version: '10.0', java.version: '1.8.0_201'
Driver info: org.openqa.selenium.chrome.ChromeDriver
Capabilities {acceptInsecureCerts: false, browserName: chrome, browserVersion: 81.0.4044.122, chrome: {chromedriverVersion: 81.0.4044.69 (6813546031a4b..., userDataDir: C:\Users\Mudit\AppData\Loca...}, goog:chromeOptions: {debuggerAddress: localhost:3217}, javascriptEnabled: true, networkConnectionEnabled: false, pageLoadStrategy: normal, platform: WINDOWS, platformName: WINDOWS, proxy: Proxy(), setWindowRect: true, strictFileInteractability: false, timeouts: {implicit: 0, pageLoad: 300000, script: 30000}, unhandledPromptBehavior: dismiss and notify, webauthn:virtualAuthenticators: true}
Session ID: 0594415579fe9e141754c5f832f324bc
*** Element info: {Using=xpath, value=//a/span[contains(text(),'Resend?')]}
]]></system-out>
    <system-err><![CDATA[Apr 24, 2020 3:59:44 PM org.openqa.selenium.remote.ProtocolHandshake createSession
INFO: Detected dialect: W3C
]]></system-err>
  </testcase>
  <testcase name="loginForgotPassloginForgotPassChangeEmailTest" classname="com.qa.flipkart.tests_regression.LoginPageTest" time="42.581">
    <failure message="Expected condition failed: waiting for element to be clickable: Proxy element for: DefaultElementLocator &apos;By.xpath: //a/span[contains(text(),&apos;Resend?&apos;)]&apos; (tried for 10 second(s) with 500 milliseconds interval)" type="org.openqa.selenium.TimeoutException">org.openqa.selenium.TimeoutException: Expected condition failed: waiting for element to be clickable: Proxy element for: DefaultElementLocator 'By.xpath: //a/span[contains(text(),'Resend?')]' (tried for 10 second(s) with 500 milliseconds interval)
	at sun.reflect.NativeConstructorAccessorImpl.newInstance0(Native Method)
	at sun.reflect.NativeConstructorAccessorImpl.newInstance(NativeConstructorAccessorImpl.java:62)
	at sun.reflect.DelegatingConstructorAccessorImpl.newInstance(DelegatingConstructorAccessorImpl.java:45)
	at java.lang.reflect.Constructor.newInstance(Constructor.java:423)
	at org.openqa.selenium.remote.codec.w3c.W3CHttpResponseCodec.createException(W3CHttpResponseCodec.java:191)
	at org.openqa.selenium.remote.codec.w3c.W3CHttpResponseCodec.decode(W3CHttpResponseCodec.java:125)
	at org.openqa.selenium.remote.codec.w3c.W3CHttpResponseCodec.decode(W3CHttpResponseCodec.java:52)
	at org.openqa.selenium.remote.HttpCommandExecutor.execute(HttpCommandExecutor.java:161)
	at org.openqa.selenium.remote.service.DriverCommandExecutor.execute(DriverCommandExecutor.java:83)
	at org.openqa.selenium.remote.RemoteWebDriver.execute(RemoteWebDriver.java:576)
	at org.openqa.selenium.remote.RemoteWebDriver.findElement(RemoteWebDriver.java:327)
	at org.openqa.selenium.remote.RemoteWebDriver.findElementByXPath(RemoteWebDriver.java:445)
	at org.openqa.selenium.By$ByXPath.findElement(By.java:396)
	at org.openqa.selenium.remote.RemoteWebDriver.findElement(RemoteWebDriver.java:319)
	at sun.reflect.GeneratedMethodAccessor6.invoke(Unknown Source)
	at sun.reflect.DelegatingMethodAccessorImpl.invoke(DelegatingMethodAccessorImpl.java:43)
	at java.lang.reflect.Method.invoke(Method.java:498)
	at org.openqa.selenium.support.events.EventFiringWebDriver.lambda$new$1(EventFiringWebDriver.java:106)
	at com.sun.proxy.$Proxy7.findElement(Unknown Source)
	at org.openqa.selenium.support.events.EventFiringWebDriver.findElement(EventFiringWebDriver.java:195)
	at org.openqa.selenium.support.pagefactory.DefaultElementLocator.findElement(DefaultElementLocator.java:70)
	at org.openqa.selenium.support.pagefactory.internal.LocatingElementHandler.invoke(LocatingElementHandler.java:39)
	at com.sun.proxy.$Proxy11.isDisplayed(Unknown Source)
	at org.openqa.selenium.support.ui.ExpectedConditions.elementIfVisible(ExpectedConditions.java:314)
	at org.openqa.selenium.support.ui.ExpectedConditions.access$000(ExpectedConditions.java:43)
	at org.openqa.selenium.support.ui.ExpectedConditions$10.apply(ExpectedConditions.java:300)
	at org.openqa.selenium.support.ui.ExpectedConditions$10.apply(ExpectedConditions.java:297)
	at org.openqa.selenium.support.ui.ExpectedConditions$23.apply(ExpectedConditions.java:670)
	at org.openqa.selenium.support.ui.ExpectedConditions$23.apply(ExpectedConditions.java:666)
	at org.openqa.selenium.support.ui.FluentWait.until(FluentWait.java:211)
	at com.qa.flipkart.pages.LoginPage.loginForgotPassChangeEmail(LoginPage.java:54)
	at com.qa.flipkart.tests_regression.LoginPageTest.loginForgotPassloginForgotPassChangeEmailTest(LoginPageTest.java:37)
</failure>
    <system-out><![CDATA[Quitting the browser
Before navigating to: 'https://www.flipkart.com/'
Navigated to:'https://www.flipkart.com/'
Trying to find Element By : By.xpath: //div[@class='_3Njdz7']//following::div/input[@type='text']
Found Element By : By.xpath: //div[@class='_3Njdz7']//following::div/input[@type='text']
Trying to find Element By : By.xpath: //a/span[contains(text(),'Forgot?')]
Found Element By : By.xpath: //a/span[contains(text(),'Forgot?')]
Trying to find Element By : By.xpath: //a/span[contains(text(),'Forgot?')]
Found Element By : By.xpath: //a/span[contains(text(),'Forgot?')]
Trying to click on: [[ChromeDriver: chrome on WINDOWS (c77b1dfab41e3799d96111a336a0b467)] -> xpath: //a/span[contains(text(),'Forgot?')]]
Clicked on: [[ChromeDriver: chrome on WINDOWS (c77b1dfab41e3799d96111a336a0b467)] -> xpath: //a/span[contains(text(),'Forgot?')]]
Trying to find Element By : By.xpath: //a/span[contains(text(),'Change?')]
Found Element By : By.xpath: //a/span[contains(text(),'Change?')]
Trying to find Element By : By.xpath: //a/span[contains(text(),'Change?')]
Found Element By : By.xpath: //a/span[contains(text(),'Change?')]
Trying to find Element By : By.xpath: //a/span[contains(text(),'Change?')]
Found Element By : By.xpath: //a/span[contains(text(),'Change?')]
Trying to click on: [[ChromeDriver: chrome on WINDOWS (c77b1dfab41e3799d96111a336a0b467)] -> xpath: //a/span[contains(text(),'Change?')]]
Clicked on: [[ChromeDriver: chrome on WINDOWS (c77b1dfab41e3799d96111a336a0b467)] -> xpath: //a/span[contains(text(),'Change?')]]
Trying to find Element By : By.xpath: //a/span[contains(text(),'Resend?')]
Exception occured: org.openqa.selenium.NoSuchElementException: no such element: Unable to locate element: {"method":"xpath","selector":"//a/span[contains(text(),'Resend?')]"}
  (Session info: chrome=81.0.4044.122)
For documentation on this error, please visit: https://www.seleniumhq.org/exceptions/no_such_element.html
Build info: version: '4.0.0-alpha-3', revision: '8c567de6dc'
System info: host: 'DESKTOP-OFC8VFN', ip: '192.168.1.7', os.name: 'Windows 10', os.arch: 'amd64', os.version: '10.0', java.version: '1.8.0_201'
Driver info: org.openqa.selenium.chrome.ChromeDriver
Capabilities {acceptInsecureCerts: false, browserName: chrome, browserVersion: 81.0.4044.122, chrome: {chromedriverVersion: 81.0.4044.69 (6813546031a4b..., userDataDir: C:\Users\Mudit\AppData\Loca...}, goog:chromeOptions: {debuggerAddress: localhost:3267}, javascriptEnabled: true, networkConnectionEnabled: false, pageLoadStrategy: normal, platform: WINDOWS, platformName: WINDOWS, proxy: Proxy(), setWindowRect: true, strictFileInteractability: false, timeouts: {implicit: 0, pageLoad: 300000, script: 30000}, unhandledPromptBehavior: dismiss and notify, webauthn:virtualAuthenticators: true}
Session ID: c77b1dfab41e3799d96111a336a0b467
*** Element info: {Using=xpath, value=//a/span[contains(text(),'Resend?')]}
Trying to find Element By : By.xpath: //a/span[contains(text(),'Resend?')]
Exception occured: org.openqa.selenium.NoSuchElementException: no such element: Unable to locate element: {"method":"xpath","selector":"//a/span[contains(text(),'Resend?')]"}
  (Session info: chrome=81.0.4044.122)
For documentation on this error, please visit: https://www.seleniumhq.org/exceptions/no_such_element.html
Build info: version: '4.0.0-alpha-3', revision: '8c567de6dc'
System info: host: 'DESKTOP-OFC8VFN', ip: '192.168.1.7', os.name: 'Windows 10', os.arch: 'amd64', os.version: '10.0', java.version: '1.8.0_201'
Driver info: org.openqa.selenium.chrome.ChromeDriver
Capabilities {acceptInsecureCerts: false, browserName: chrome, browserVersion: 81.0.4044.122, chrome: {chromedriverVersion: 81.0.4044.69 (6813546031a4b..., userDataDir: C:\Users\Mudit\AppData\Loca...}, goog:chromeOptions: {debuggerAddress: localhost:3267}, javascriptEnabled: true, networkConnectionEnabled: false, pageLoadStrategy: normal, platform: WINDOWS, platformName: WINDOWS, proxy: Proxy(), setWindowRect: true, strictFileInteractability: false, timeouts: {implicit: 0, pageLoad: 300000, script: 30000}, unhandledPromptBehavior: dismiss and notify, webauthn:virtualAuthenticators: true}
Session ID: c77b1dfab41e3799d96111a336a0b467
*** Element info: {Using=xpath, value=//a/span[contains(text(),'Resend?')]}
]]></system-out>
    <system-err><![CDATA[Apr 24, 2020 4:00:36 PM org.openqa.selenium.remote.ProtocolHandshake createSession
INFO: Detected dialect: W3C
]]></system-err>
  </testcase>
  <testcase name="loginInValidPassTest" classname="com.qa.flipkart.tests_regression.LoginPageTest" time="0.814"/>
  <testcase name="loginInValidUsernameTest" classname="com.qa.flipkart.tests_regression.LoginPageTest" time="0.787"/>
  <testcase name="loginValid" classname="com.qa.flipkart.tests_regression.LoginPageTest" time="1.784">
    <failure message="&#10;Cannot inject @Test annotated Method [loginValid] with [class java.lang.String, class java.lang.String].&#10;For more information on native dependency injection please refer to http://testng.org/doc/documentation-main.html#native-dependency-injection" type="org.testng.TestNGException">org.testng.TestNGException: 
Cannot inject @Test annotated Method [loginValid] with [class java.lang.String, class java.lang.String].
For more information on native dependency injection please refer to http://testng.org/doc/documentation-main.html#native-dependency-injection
	at org.testng.internal.Parameters.checkParameterTypes(Parameters.java:407)
	at org.testng.internal.Parameters.createParametersForMethod(Parameters.java:356)
	at org.testng.internal.Parameters.createParameters(Parameters.java:635)
	at org.testng.internal.Parameters.handleParameters(Parameters.java:769)
	at org.testng.internal.ParameterHandler.handleParameters(ParameterHandler.java:49)
	at org.testng.internal.ParameterHandler.createParameters(ParameterHandler.java:37)
	at org.testng.internal.Invoker.invokeTestMethods(Invoker.java:924)
	at org.testng.internal.TestMethodWorker.invokeTestMethods(TestMethodWorker.java:125)
	at org.testng.internal.TestMethodWorker.run(TestMethodWorker.java:109)
	at org.testng.TestRunner.privateRun(TestRunner.java:648)
	at org.testng.TestRunner.run(TestRunner.java:505)
	at org.testng.SuiteRunner.runTest(SuiteRunner.java:455)
	at org.testng.SuiteRunner.runSequentially(SuiteRunner.java:450)
	at org.testng.SuiteRunner.privateRun(SuiteRunner.java:415)
	at org.testng.SuiteRunner.run(SuiteRunner.java:364)
	at org.testng.SuiteRunnerWorker.runSuite(SuiteRunnerWorker.java:52)
	at org.testng.SuiteRunnerWorker.run(SuiteRunnerWorker.java:84)
	at org.testng.TestNG.runSuitesSequentially(TestNG.java:1208)
	at org.testng.TestNG.runSuitesLocally(TestNG.java:1137)
	at org.testng.TestNG.runSuites(TestNG.java:1049)
	at org.testng.TestNG.run(TestNG.java:1017)
	at org.apache.maven.surefire.testng.TestNGExecutor.run(TestNGExecutor.java:295)
	at org.apache.maven.surefire.testng.TestNGXmlTestSuite.execute(TestNGXmlTestSuite.java:84)
	at org.apache.maven.surefire.testng.TestNGProvider.invoke(TestNGProvider.java:90)
	at org.apache.maven.surefire.booter.ForkedBooter.invokeProviderInSameClassLoader(ForkedBooter.java:203)
	at org.apache.maven.surefire.booter.ForkedBooter.runSuitesInProcess(ForkedBooter.java:155)
	at org.apache.maven.surefire.booter.ForkedBooter.main(ForkedBooter.java:103)
</failure>
    <system-out><![CDATA[Quitting the browser
]]></system-out>
    <system-err><![CDATA[[Utils] [ERROR] [Error] org.testng.TestNGException: 
Cannot inject @Test annotated Method [loginValid] with [class java.lang.String, class java.lang.String].
For more information on native dependency injection please refer to http://testng.org/doc/documentation-main.html#native-dependency-injection
	at org.testng.internal.Parameters.checkParameterTypes(Parameters.java:407)
	at org.testng.internal.Parameters.createParametersForMethod(Parameters.java:356)
	at org.testng.internal.Parameters.createParameters(Parameters.java:635)
	at org.testng.internal.Parameters.handleParameters(Parameters.java:769)
	at org.testng.internal.ParameterHandler.handleParameters(ParameterHandler.java:49)
	at org.testng.internal.ParameterHandler.createParameters(ParameterHandler.java:37)
	at org.testng.internal.Invoker.invokeTestMethods(Invoker.java:924)
	at org.testng.internal.TestMethodWorker.invokeTestMethods(TestMethodWorker.java:125)
	at org.testng.internal.TestMethodWorker.run(TestMethodWorker.java:109)
	at org.testng.TestRunner.privateRun(TestRunner.java:648)
	at org.testng.TestRunner.run(TestRunner.java:505)
	at org.testng.SuiteRunner.runTest(SuiteRunner.java:455)
	at org.testng.SuiteRunner.runSequentially(SuiteRunner.java:450)
	at org.testng.SuiteRunner.privateRun(SuiteRunner.java:415)
	at org.testng.SuiteRunner.run(SuiteRunner.java:364)
	at org.testng.SuiteRunnerWorker.runSuite(SuiteRunnerWorker.java:52)
	at org.testng.SuiteRunnerWorker.run(SuiteRunnerWorker.java:84)
	at org.testng.TestNG.runSuitesSequentially(TestNG.java:1208)
	at org.testng.TestNG.runSuitesLocally(TestNG.java:1137)
	at org.testng.TestNG.runSuites(TestNG.java:1049)
	at org.testng.TestNG.run(TestNG.java:1017)
	at org.apache.maven.surefire.testng.TestNGExecutor.run(TestNGExecutor.java:295)
	at org.apache.maven.surefire.testng.TestNGXmlTestSuite.execute(TestNGXmlTestSuite.java:84)
	at org.apache.maven.surefire.testng.TestNGProvider.invoke(TestNGProvider.java:90)
	at org.apache.maven.surefire.booter.ForkedBooter.invokeProviderInSameClassLoader(ForkedBooter.java:203)
	at org.apache.maven.surefire.booter.ForkedBooter.runSuitesInProcess(ForkedBooter.java:155)
	at org.apache.maven.surefire.booter.ForkedBooter.main(ForkedBooter.java:103)

]]></system-err>
  </testcase>
  <testcase name="loginValidUsernameAndInvalidPassTest" classname="com.qa.flipkart.tests_regression.LoginPageTest" time="1.371"/>
</testsuite>